<?xml version="1.0" encoding="UTF-8"?>
<!-- Generated by org.testng.reporters.JUnitReportReporter -->
<testsuite hostname="LAPTOP-JN0A0H06" failures="0" tests="1" name="testP.FirstTest" time="0.417" errors="0" timestamp="2024-01-06T14:29:29 IST" skipped="0">
  <testcase classname="testP.FirstTest" name="t1" time="0.417"/>
  <system-out/>
</testsuite> <!-- testP.FirstTest -->
