<?xml version="1.0" encoding="UTF-8"?>
<!-- Generated by org.testng.reporters.JUnitReportReporter -->
<testsuite hostname="LAPTOP-JN0A0H06" failures="0" tests="1" name="driversP.Drivers" time="0.206" errors="0" timestamp="2024-01-06T12:00:45 IST" skipped="0">
  <testcase classname="driversP.Drivers" name="reports" time="0.206"/>
  <system-out/>
</testsuite> <!-- driversP.Drivers -->
